mode: count
_/Users/hanyuli/learn/新学期/ASE/Git/Healthpet/server/httpserver.go:18.21,19.15 1 0
_/Users/hanyuli/learn/新学期/ASE/Git/Healthpet/server/httpserver.go:19.15,20.13 1 0
_/Users/hanyuli/learn/新学期/ASE/Git/Healthpet/server/httpserver.go:24.55,36.20 9 15
_/Users/hanyuli/learn/新学期/ASE/Git/Healthpet/server/httpserver.go:178.5,180.37 3 15
_/Users/hanyuli/learn/新学期/ASE/Git/Healthpet/server/httpserver.go:183.5,183.40 1 15
_/Users/hanyuli/learn/新学期/ASE/Git/Healthpet/server/httpserver.go:36.20,38.117 2 2
_/Users/hanyuli/learn/新学期/ASE/Git/Healthpet/server/httpserver.go:38.117,42.14 3 1
_/Users/hanyuli/learn/新学期/ASE/Git/Healthpet/server/httpserver.go:42.14,44.14 1 1
_/Users/hanyuli/learn/新学期/ASE/Git/Healthpet/server/httpserver.go:46.6,46.26 1 13
_/Users/hanyuli/learn/新学期/ASE/Git/Healthpet/server/httpserver.go:46.26,48.91 2 2
_/Users/hanyuli/learn/新学期/ASE/Git/Healthpet/server/httpserver.go:48.91,49.53 1 1
_/Users/hanyuli/learn/新学期/ASE/Git/Healthpet/server/httpserver.go:63.17,65.49 3 1
_/Users/hanyuli/learn/新学期/ASE/Git/Healthpet/server/httpserver.go:49.53,62.18 12 1
_/Users/hanyuli/learn/新学期/ASE/Git/Healthpet/server/httpserver.go:66.14,68.14 1 1
_/Users/hanyuli/learn/新学期/ASE/Git/Healthpet/server/httpserver.go:70.6,70.26 1 11
_/Users/hanyuli/learn/新学期/ASE/Git/Healthpet/server/httpserver.go:70.26,73.91 3 2
_/Users/hanyuli/learn/新学期/ASE/Git/Healthpet/server/httpserver.go:73.91,75.14 1 1
_/Users/hanyuli/learn/新学期/ASE/Git/Healthpet/server/httpserver.go:75.14,76.123 1 1
_/Users/hanyuli/learn/新学期/ASE/Git/Healthpet/server/httpserver.go:92.15,94.47 3 1
_/Users/hanyuli/learn/新学期/ASE/Git/Healthpet/server/httpserver.go:76.123,87.16 9 1
_/Users/hanyuli/learn/新学期/ASE/Git/Healthpet/server/httpserver.go:87.16,91.16 3 0
_/Users/hanyuli/learn/新学期/ASE/Git/Healthpet/server/httpserver.go:96.6,96.26 1 9
_/Users/hanyuli/learn/新学期/ASE/Git/Healthpet/server/httpserver.go:96.26,98.6 1 1
_/Users/hanyuli/learn/新学期/ASE/Git/Healthpet/server/httpserver.go:98.6,98.26 1 8
_/Users/hanyuli/learn/新学期/ASE/Git/Healthpet/server/httpserver.go:98.26,100.91 2 2
_/Users/hanyuli/learn/新学期/ASE/Git/Healthpet/server/httpserver.go:100.91,102.14 1 1
_/Users/hanyuli/learn/新学期/ASE/Git/Healthpet/server/httpserver.go:102.14,103.41 1 1
_/Users/hanyuli/learn/新学期/ASE/Git/Healthpet/server/httpserver.go:118.15,120.47 3 1
_/Users/hanyuli/learn/新学期/ASE/Git/Healthpet/server/httpserver.go:103.41,107.100 4 2
_/Users/hanyuli/learn/新学期/ASE/Git/Healthpet/server/httpserver.go:107.100,109.18 1 1
_/Users/hanyuli/learn/新学期/ASE/Git/Healthpet/server/httpserver.go:109.18,109.135 1 1
_/Users/hanyuli/learn/新学期/ASE/Git/Healthpet/server/httpserver.go:109.135,111.18 0 1
_/Users/hanyuli/learn/新学期/ASE/Git/Healthpet/server/httpserver.go:111.18,116.18 4 0
_/Users/hanyuli/learn/新学期/ASE/Git/Healthpet/server/httpserver.go:122.6,122.26 1 6
_/Users/hanyuli/learn/新学期/ASE/Git/Healthpet/server/httpserver.go:122.26,124.94 2 2
_/Users/hanyuli/learn/新学期/ASE/Git/Healthpet/server/httpserver.go:124.94,129.14 4 1
_/Users/hanyuli/learn/新学期/ASE/Git/Healthpet/server/httpserver.go:129.14,131.14 1 1
_/Users/hanyuli/learn/新学期/ASE/Git/Healthpet/server/httpserver.go:132.6,132.28 1 4
_/Users/hanyuli/learn/新学期/ASE/Git/Healthpet/server/httpserver.go:132.28,143.6 8 1
_/Users/hanyuli/learn/新学期/ASE/Git/Healthpet/server/httpserver.go:143.6,143.28 1 3
_/Users/hanyuli/learn/新学期/ASE/Git/Healthpet/server/httpserver.go:143.28,147.87 4 2
_/Users/hanyuli/learn/新学期/ASE/Git/Healthpet/server/httpserver.go:147.87,168.10 17 1
_/Users/hanyuli/learn/新学期/ASE/Git/Healthpet/server/httpserver.go:168.10,170.10 1 1
_/Users/hanyuli/learn/新学期/ASE/Git/Healthpet/server/httpserver.go:171.6,176.6 1 1
_/Users/hanyuli/learn/新学期/ASE/Git/Healthpet/server/httpserver.go:180.37,182.6 1 12
_/Users/hanyuli/learn/新学期/ASE/Git/Healthpet/server/httpserver.go:183.40,185.6 1 1
_/Users/hanyuli/learn/新学期/ASE/Git/Healthpet/server/httpserver.go:189.62,191.75 2 4
_/Users/hanyuli/learn/新学期/ASE/Git/Healthpet/server/httpserver.go:194.7,194.27 1 4
_/Users/hanyuli/learn/新学期/ASE/Git/Healthpet/server/httpserver.go:191.75,193.6 1 0
_/Users/hanyuli/learn/新学期/ASE/Git/Healthpet/server/httpserver.go:194.27,196.8 1 1
_/Users/hanyuli/learn/新学期/ASE/Git/Healthpet/server/httpserver.go:199.63,202.76 3 4
_/Users/hanyuli/learn/新学期/ASE/Git/Healthpet/server/httpserver.go:205.7,205.28 1 4
_/Users/hanyuli/learn/新学期/ASE/Git/Healthpet/server/httpserver.go:208.7,208.37 1 4
_/Users/hanyuli/learn/新学期/ASE/Git/Healthpet/server/httpserver.go:202.76,204.8 1 0
_/Users/hanyuli/learn/新学期/ASE/Git/Healthpet/server/httpserver.go:205.28,207.8 1 1
_/Users/hanyuli/learn/新学期/ASE/Git/Healthpet/server/httpserver.go:210.57,212.82 2 5
_/Users/hanyuli/learn/新学期/ASE/Git/Healthpet/server/httpserver.go:215.7,223.50 9 5
_/Users/hanyuli/learn/新学期/ASE/Git/Healthpet/server/httpserver.go:212.82,214.8 1 0
_/Users/hanyuli/learn/新学期/ASE/Git/Healthpet/server/httpserver.go:227.44,231.2 3 0
_/Users/hanyuli/learn/新学期/ASE/Git/Healthpet/server/httpserver.go:233.13,243.19 6 0
_/Users/hanyuli/learn/新学期/ASE/Git/Healthpet/server/httpserver.go:243.19,245.6 1 0
